1737743338.659237 client started (21616): version 3.2a, socket /tmp/tmux-1000/default, protocol 8
1737743338.661189 on Linux 5.15.167.4-microsoft-standard-WSL2 #1 SMP Tue Nov 5 00:21:55 UTC 2024
1737743338.661940 using libevent 2.1.12-stable (poll); ncurses 6.3
1737743338.662792 flags are 0x10010000
1737743338.663548 socket is /tmp/tmux-1000/default
1737743338.664249 trying connect
1737743338.665034 add peer 0x559a95dcc150: 6 ((nil))
1737743338.666252 sending message 100 to peer 0x559a95dcc150 (4 bytes)
1737743338.666873 sending message 111 to peer 0x559a95dcc150 (8 bytes)
1737743338.667508 sending message 101 to peer 0x559a95dcc150 (7 bytes)
1737743338.668399 sending message 109 to peer 0x559a95dcc150 (4 bytes)
1737743338.669153 sending message 102 to peer 0x559a95dcc150 (11 bytes)
1737743338.669696 sending message 108 to peer 0x559a95dcc150 (44 bytes)
1737743338.670289 sending message 112 to peer 0x559a95dcc150 (70 bytes)
1737743338.670809 sending message 112 to peer 0x559a95dcc150 (5 bytes)
1737743338.671382 sending message 112 to peer 0x559a95dcc150 (5 bytes)
1737743338.671910 sending message 112 to peer 0x559a95dcc150 (6 bytes)
1737743338.672498 sending message 112 to peer 0x559a95dcc150 (6 bytes)
1737743338.673040 sending message 112 to peer 0x559a95dcc150 (11 bytes)
1737743338.673558 sending message 112 to peer 0x559a95dcc150 (10 bytes)
1737743338.674041 sending message 112 to peer 0x559a95dcc150 (13 bytes)
1737743338.674631 sending message 112 to peer 0x559a95dcc150 (13 bytes)
1737743338.675162 sending message 112 to peer 0x559a95dcc150 (18 bytes)
1737743338.675743 sending message 112 to peer 0x559a95dcc150 (9 bytes)
1737743338.676244 sending message 112 to peer 0x559a95dcc150 (21 bytes)
1737743338.676784 sending message 112 to peer 0x559a95dcc150 (13 bytes)
1737743338.677291 sending message 112 to peer 0x559a95dcc150 (7 bytes)
1737743338.677862 sending message 112 to peer 0x559a95dcc150 (13 bytes)
1737743338.678467 sending message 112 to peer 0x559a95dcc150 (7 bytes)
1737743338.679142 sending message 112 to peer 0x559a95dcc150 (13 bytes)
1737743338.679827 sending message 112 to peer 0x559a95dcc150 (9 bytes)
1737743338.680525 sending message 112 to peer 0x559a95dcc150 (21 bytes)
1737743338.681334 sending message 112 to peer 0x559a95dcc150 (13 bytes)
1737743338.681900 sending message 112 to peer 0x559a95dcc150 (8 bytes)
1737743338.682504 sending message 112 to peer 0x559a95dcc150 (12 bytes)
1737743338.683118 sending message 112 to peer 0x559a95dcc150 (13 bytes)
1737743338.683735 sending message 112 to peer 0x559a95dcc150 (9 bytes)
1737743338.684278 sending message 112 to peer 0x559a95dcc150 (9 bytes)
1737743338.684787 sending message 112 to peer 0x559a95dcc150 (12 bytes)
1737743338.685303 sending message 112 to peer 0x559a95dcc150 (8 bytes)
1737743338.685814 sending message 112 to peer 0x559a95dcc150 (7 bytes)
1737743338.686378 sending message 112 to peer 0x559a95dcc150 (7 bytes)
1737743338.686939 sending message 112 to peer 0x559a95dcc150 (9 bytes)
1737743338.687482 sending message 112 to peer 0x559a95dcc150 (13 bytes)
1737743338.688001 sending message 112 to peer 0x559a95dcc150 (9 bytes)
1737743338.688571 sending message 112 to peer 0x559a95dcc150 (15 bytes)
1737743338.689101 sending message 112 to peer 0x559a95dcc150 (13 bytes)
1737743338.689637 sending message 112 to peer 0x559a95dcc150 (12 bytes)
1737743338.690227 sending message 112 to peer 0x559a95dcc150 (8 bytes)
1737743338.690841 sending message 112 to peer 0x559a95dcc150 (14 bytes)
1737743338.691419 sending message 112 to peer 0x559a95dcc150 (9 bytes)
1737743338.692206 sending message 112 to peer 0x559a95dcc150 (10 bytes)
1737743338.692801 sending message 112 to peer 0x559a95dcc150 (10 bytes)
1737743338.693352 sending message 112 to peer 0x559a95dcc150 (10 bytes)
1737743338.693924 sending message 112 to peer 0x559a95dcc150 (10 bytes)
1737743338.694547 sending message 112 to peer 0x559a95dcc150 (11 bytes)
1737743338.695046 sending message 112 to peer 0x559a95dcc150 (10 bytes)
1737743338.695585 sending message 112 to peer 0x559a95dcc150 (8 bytes)
1737743338.696096 sending message 112 to peer 0x559a95dcc150 (11 bytes)
1737743338.696718 sending message 112 to peer 0x559a95dcc150 (11 bytes)
1737743338.697291 sending message 112 to peer 0x559a95dcc150 (11 bytes)
1737743338.697849 sending message 112 to peer 0x559a95dcc150 (8 bytes)
1737743338.698393 sending message 112 to peer 0x559a95dcc150 (8 bytes)
1737743338.698949 sending message 112 to peer 0x559a95dcc150 (8 bytes)
1737743338.699490 sending message 112 to peer 0x559a95dcc150 (10 bytes)
1737743338.700058 sending message 112 to peer 0x559a95dcc150 (10 bytes)
1737743338.700677 sending message 112 to peer 0x559a95dcc150 (10 bytes)
1737743338.701209 sending message 112 to peer 0x559a95dcc150 (10 bytes)
1737743338.701743 sending message 112 to peer 0x559a95dcc150 (10 bytes)
1737743338.702282 sending message 112 to peer 0x559a95dcc150 (11 bytes)
1737743338.702843 sending message 112 to peer 0x559a95dcc150 (11 bytes)
1737743338.703466 sending message 112 to peer 0x559a95dcc150 (10 bytes)
1737743338.704029 sending message 112 to peer 0x559a95dcc150 (9 bytes)
1737743338.704574 sending message 112 to peer 0x559a95dcc150 (9 bytes)
1737743338.705126 sending message 112 to peer 0x559a95dcc150 (12 bytes)
1737743338.705638 sending message 112 to peer 0x559a95dcc150 (9 bytes)
1737743338.706166 sending message 112 to peer 0x559a95dcc150 (6 bytes)
1737743338.706730 sending message 112 to peer 0x559a95dcc150 (8 bytes)
1737743338.707347 sending message 112 to peer 0x559a95dcc150 (15 bytes)
1737743338.707899 sending message 112 to peer 0x559a95dcc150 (13 bytes)
1737743338.708435 sending message 112 to peer 0x559a95dcc150 (16 bytes)
1737743338.709045 sending message 112 to peer 0x559a95dcc150 (16 bytes)
1737743338.709631 sending message 112 to peer 0x559a95dcc150 (10 bytes)
1737743338.710178 sending message 112 to peer 0x559a95dcc150 (8 bytes)
1737743338.710733 sending message 112 to peer 0x559a95dcc150 (15 bytes)
1737743338.711327 sending message 112 to peer 0x559a95dcc150 (13 bytes)
1737743338.711907 sending message 112 to peer 0x559a95dcc150 (10 bytes)
1737743338.712501 sending message 112 to peer 0x559a95dcc150 (10 bytes)
1737743338.713021 sending message 112 to peer 0x559a95dcc150 (5 bytes)
1737743338.713564 sending message 112 to peer 0x559a95dcc150 (15 bytes)
1737743338.714068 sending message 104 to peer 0x559a95dcc150 (0 bytes)
1737743338.714624 sending message 110 to peer 0x559a95dcc150 (0 bytes)
1737743338.715112 sending message 107 to peer 0x559a95dcc150 (4 bytes)
1737743338.715674 sending message 105 to peer 0x559a95dcc150 (20 bytes)
1737743338.716174 sending message 105 to peer 0x559a95dcc150 (61 bytes)
1737743338.716782 sending message 105 to peer 0x559a95dcc150 (24 bytes)
1737743338.717332 sending message 105 to peer 0x559a95dcc150 (26 bytes)
1737743338.717782 sending message 105 to peer 0x559a95dcc150 (23 bytes)
1737743338.718254 sending message 105 to peer 0x559a95dcc150 (36 bytes)
1737743338.718755 sending message 105 to peer 0x559a95dcc150 (48 bytes)
1737743338.719240 sending message 105 to peer 0x559a95dcc150 (13 bytes)
1737743338.719736 sending message 105 to peer 0x559a95dcc150 (48 bytes)
1737743338.720211 sending message 105 to peer 0x559a95dcc150 (14 bytes)
1737743338.720735 sending message 105 to peer 0x559a95dcc150 (23 bytes)
1737743338.721262 sending message 105 to peer 0x559a95dcc150 (17 bytes)
1737743338.721774 sending message 105 to peer 0x559a95dcc150 (13 bytes)
1737743338.722248 sending message 105 to peer 0x559a95dcc150 (33 bytes)
1737743338.722762 sending message 105 to peer 0x559a95dcc150 (1519 bytes)
1737743338.723275 sending message 105 to peer 0x559a95dcc150 (26 bytes)
1737743338.723816 sending message 105 to peer 0x559a95dcc150 (25 bytes)
1737743338.724362 sending message 105 to peer 0x559a95dcc150 (34 bytes)
1737743338.724916 sending message 105 to peer 0x559a95dcc150 (12 bytes)
1737743338.725466 sending message 105 to peer 0x559a95dcc150 (32 bytes)
1737743338.726048 sending message 105 to peer 0x559a95dcc150 (11 bytes)
1737743338.726575 sending message 105 to peer 0x559a95dcc150 (13 bytes)
1737743338.727072 sending message 105 to peer 0x559a95dcc150 (11 bytes)
1737743338.727779 sending message 105 to peer 0x559a95dcc150 (8 bytes)
1737743338.728231 sending message 105 to peer 0x559a95dcc150 (14 bytes)
1737743338.728638 sending message 105 to peer 0x559a95dcc150 (32 bytes)
1737743338.729052 sending message 105 to peer 0x559a95dcc150 (33 bytes)
1737743338.729474 sending message 105 to peer 0x559a95dcc150 (65 bytes)
1737743338.729880 sending message 105 to peer 0x559a95dcc150 (1029 bytes)
1737743338.730304 sending message 105 to peer 0x559a95dcc150 (54 bytes)
1737743338.730742 sending message 105 to peer 0x559a95dcc150 (52 bytes)
1737743338.731147 sending message 105 to peer 0x559a95dcc150 (16 bytes)
1737743338.731572 sending message 105 to peer 0x559a95dcc150 (40 bytes)
1737743338.731983 sending message 105 to peer 0x559a95dcc150 (53 bytes)
1737743338.732407 sending message 105 to peer 0x559a95dcc150 (26 bytes)
1737743338.732843 sending message 105 to peer 0x559a95dcc150 (18 bytes)
1737743338.733223 sending message 105 to peer 0x559a95dcc150 (16 bytes)
1737743338.733568 sending message 106 to peer 0x559a95dcc150 (0 bytes)
1737743338.733919 sending message 200 to peer 0x559a95dcc150 (4 bytes)
1737743338.734263 client loop enter
1737743338.735303 peer 0x559a95dcc150 message 303
1737743338.735688 open write file 2 -
1737743338.736039 sending message 305 to peer 0x559a95dcc150 (8 bytes)
1737743338.736388 write check file 2
1737743338.737168 peer 0x559a95dcc150 message 304
1737743338.737594 write 58 to file 2
1737743338.738043 peer 0x559a95dcc150 message 203
1737743338.738614 file 2 58 bytes left
1737743338.739120 write check file 2
1737743338.739499 client loop exit
